TongjiBus/proguard/seeds.txt
tongji.edu.activity.HomeActivity
tongji.edu.activity.HomeActivity: HomeActivity()
tongji.edu.activity.LoginActivity
tongji.edu.activity.LoginActivity: LoginActivity()
tongji.edu.activity.MyTabActivity
tongji.edu.activity.MyTabActivity: MyTabActivity()
tongji.edu.activity.Preferences
tongji.edu.activity.Preferences: Preferences()
tongji.edu.activity.RecordActivity
tongji.edu.activity.RecordActivity: RecordActivity()
tongji.edu.activity.RegisterActivity
tongji.edu.activity.RegisterActivity: RegisterActivity()
tongji.edu.activity.RegisterActivity: void onClick(android.view.View)
tongji.edu.activity.ShowBusActivity
tongji.edu.activity.ShowBusActivity: ShowBusActivity()
...
android.support.v4.widget.PopupMenuCompatKitKat
android.support.v4.widget.PopupMenuCompatKitKat: PopupMenuCompatKitKat()
android.support.v4.widget.PopupMenuCompatKitKat: android.view.View$OnTouchListener getDragToOpenListener(java.lang.Object)
android.support.v4.widget.ResourceCursorAdapter
android.support.v4.widget.ResourceCursorAdapter: int mLayout
android.support.v4.widget.ResourceCursorAdapter: int mDropDownLayout
android.support.v4.widget.ResourceCursorAdapter: android.view.LayoutInflater mInflater
android.support.v4.widget.ResourceCursorAdapter: ResourceCursorAdapter(android.content.Context,int,android.database.Cursor)
android.support.v4.widget.ResourceCursorAdapter: ResourceCursorAdapter(android.content.Context,int,android.database.Cursor,boolean)
android.support.v4.widget.ResourceCursorAdapter: ResourceCursorAdapter(android.content.Context,int,android.database.Cursor,int)
android.support.v4.widget.ResourceCursorAdapter: android.view.View newView(android.content.Context,android.database.Cursor,android.view.ViewGroup)
android.support.v4.widget.ResourceCursorAdapter: android.view.View newDropDownView(android.content.Context,android.database.Cursor,android.view.ViewGroup)
android.support.v4.widget.ResourceCursorAdapter: void setViewResource(int)
android.support.v4.widget.ResourceCursorAdapter: void setDropDownViewResource(int)
android.support.v4.widget.ScrollerCompat
android.support.v4.widget.ScrollerCompat: java.lang.Object mScroller
android.support.v4.widget.ScrollerCompat: android.support.v4.widget.ScrollerCompat$ScrollerCompatImpl IMPL
android.support.v4.widget.ScrollerCompat: android.support.v4.widget.ScrollerCompat create(android.content.Context)
android.support.v4.widget.ScrollerCompat: android.support.v4.widget.ScrollerCompat create(android.content.Context,android.view.animation.Interpolator)
android.support.v4.widget.ScrollerCompat: ScrollerCompat(android.content.Context,android.view.animation.Interpolator)
android.support.v4.widget.ScrollerCompat: boolean isFinished()
android.support.v4.widget.ScrollerCompat: int getCurrX()
android.support.v4.widget.ScrollerCompat: int getCurrY()
android.support.v4.widget.ScrollerCompat: int getFinalX()
android.support.v4.widget.ScrollerCompat: int getFinalY()
android.support.v4.widget.ScrollerCompat: float getCurrVelocity()
android.support.v4.widget.ScrollerCompat: boolean computeScrollOffset()
android.support.v4.widget.ScrollerCompat: void startScroll(int,int,int,int)
android.support.v4.widget.ScrollerCompat: void startScroll(int,int,int,int,int)
android.support.v4.widget.ScrollerCompat: void fling(int,int,int,int,int,int,int,int)
android.support.v4.widget.ScrollerCompat: void fling(int,int,int,int,int,int,int,int,int,int)
android.support.v4.widget.ScrollerCompat: void abortAnimation()