TongjiBus/proguard/mapping.txt
tongji.edu.activity.HomeActivity -> tongji.edu.activity.HomeActivity:
    android.widget.RadioGroup radioGroup -> a
    android.widget.TabHost mTabHost -> b
    android.content.Intent intent -> c
    void onCreate(android.os.Bundle) -> onCreate
    boolean onKeyDown(int,android.view.KeyEvent) -> onKeyDown
    android.content.Intent access$0(tongji.edu.activity.HomeActivity) -> a
    android.widget.TabHost access$1(tongji.edu.activity.HomeActivity) -> b
tongji.edu.activity.HomeActivity$1 -> tongji.edu.activity.a:
    tongji.edu.activity.HomeActivity this$0 -> a
    void onCheckedChanged(android.widget.RadioGroup,int) -> onCheckedChanged
tongji.edu.activity.HomeActivity$2 -> tongji.edu.activity.b:
    tongji.edu.activity.HomeActivity this$0 -> a
    void onClick(android.content.DialogInterface,int) -> onClick
tongji.edu.activity.LoginActivity -> tongji.edu.activity.LoginActivity:
    android.widget.EditText Et_user -> a
    android.widget.EditText Et_pwd -> b
    java.lang.String username -> c
    java.lang.String password -> d
    java.lang.String ip -> e
    java.lang.String port -> f
    java.lang.String weekend -> g
    android.widget.CheckBox remember -> h
    android.widget.Button regist -> i
    android.widget.Button login -> j
    android.content.SharedPreferences sharedPrefrences -> k
    android.os.Handler mHandler -> l
    android.app.Dialog mDialog -> m
    android.widget.Button topLeft -> n
    java.lang.Thread loginThread -> o
    void onCreate(android.os.Bundle) -> onCreate
    void onResume() -> onResume
    boolean onCreateOptionsMenu(android.view.Menu) -> onCreateOptionsMenu
    boolean onOptionsItemSelected(android.view.MenuItem) -> onOptionsItemSelected
    android.widget.EditText access$0(tongji.edu.activity.LoginActivity) -> a
    void access$1(tongji.edu.activity.LoginActivity,java.lang.String) -> a
    android.widget.EditText access$2(tongji.edu.activity.LoginActivity) -> b
    void access$3(tongji.edu.activity.LoginActivity,java.lang.String) -> b
    java.lang.String access$4(tongji.edu.activity.LoginActivity) -> c
    java.lang.String access$5(tongji.edu.activity.LoginActivity) -> d
    android.widget.CheckBox access$6(tongji.edu.activity.LoginActivity) -> e
tongji.edu.activity.LoginActivity$1 -> tongji.edu.activity.c:
    tongji.edu.activity.LoginActivity this$0 -> a
    void onClick(android.view.View) -> onClick
tongji.edu.activity.LoginActivity$2 -> tongji.edu.activity.d:
    tongji.edu.activity.LoginActivity this$0 -> a
    void onClick(android.view.View) -> onClick
tongji.edu.activity.LoginActivity$3 -> tongji.edu.activity.e:
    tongji.edu.activity.LoginActivity this$0 -> a
    void onClick(android.view.View) -> onClick
tongji.edu.activity.LoginActivity$4 -> tongji.edu.activity.f:
    tongji.edu.activity.LoginActivity this$0 -> a
    java.lang.String val$username -> b
    java.lang.String val$password -> c
    java.lang.String val$weekend -> d
    void run() -> run
tongji.edu.activity.LoginActivity$4$1 -> tongji.edu.activity.g:
    tongji.edu.activity.LoginActivity$4 this$1 -> a
    void run() -> run
tongji.edu.activity.LoginActivity$4$2 -> tongji.edu.activity.h:
    tongji.edu.activity.LoginActivity$4 this$1 -> a
    void run() -> run
tongji.edu.activity.LoginActivity$4$3 -> tongji.edu.activity.i:
    tongji.edu.activity.LoginActivity$4 this$1 -> d
tongji.edu.activity.LoginActivity$4$4 -> tongji.edu.activity.j:
    tongji.edu.activity.LoginActivity$4 this$1 -> a
    java.util.ArrayList val$routelist -> b
    void run() -> run
tongji.edu.activity.LoginActivity$5 -> tongji.edu.activity.k:
    tongji.edu.activity.LoginActivity this$0 -> a
    void onCancel(android.content.DialogInterface) -> onCancel
...
com.google.gson.internal.ConstructorConstructor$3 -> a.a.a.b.l:
    java.lang.reflect.Constructor val$constructor -> a
    com.google.gson.internal.ConstructorConstructor this$0 -> b
    java.lang.Object construct() -> a
com.google.gson.internal.ConstructorConstructor$4 -> a.a.a.b.m:
    com.google.gson.internal.ConstructorConstructor this$0 -> a
    java.lang.Object construct() -> a
com.google.gson.internal.ConstructorConstructor$5 -> a.a.a.b.n:
    java.lang.reflect.Type val$type -> a
    com.google.gson.internal.ConstructorConstructor this$0 -> b
    java.lang.Object construct() -> a
com.google.gson.internal.ConstructorConstructor$6 -> a.a.a.b.o:
    com.google.gson.internal.ConstructorConstructor this$0 -> a
    java.lang.Object construct() -> a
com.google.gson.internal.ConstructorConstructor$7 -> a.a.a.b.p:
    com.google.gson.internal.ConstructorConstructor this$0 -> a
    java.lang.Object construct() -> a
com.google.gson.internal.ConstructorConstructor$8 -> a.a.a.b.q:
    com.google.gson.internal.ConstructorConstructor this$0 -> a
    java.lang.Object construct() -> a
com.google.gson.internal.ConstructorConstructor$9 -> a.a.a.b.r:
    com.google.gson.internal.ConstructorConstructor this$0 -> a
    java.lang.Object construct() -> a
com.google.gson.internal.Excluder -> a.a.a.b.s:
    com.google.gson.internal.Excluder DEFAULT -> a
    double version -> b
    int modifiers -> c
    boolean serializeInnerClasses -> d
    boolean requireExpose -> e
    java.util.List serializationStrategies -> f
    java.util.List deserializationStrategies -> g
    com.google.gson.internal.Excluder clone() -> a
    com.google.gson.TypeAdapter create(com.google.gson.Gson,com.google.gson.reflect.TypeToken) -> a
    boolean excludeField(java.lang.reflect.Field,boolean) -> a
    boolean excludeClass(java.lang.Class,boolean) -> a
    boolean isAnonymousOrLocal(java.lang.Class) -> a
    boolean isInnerClass(java.lang.Class) -> b
    boolean isValidVersion(com.google.gson.annotations.Since,com.google.gson.annotations.Until) -> a
    java.lang.Object clone() -> clone
com.google.gson.internal.Excluder$1 -> a.a.a.b.t:
    com.google.gson.TypeAdapter delegate -> f
    boolean val$skipDeserialize -> a
    boolean val$skipSerialize -> b
    com.google.gson.Gson val$gson -> c
    com.google.gson.reflect.TypeToken val$type -> d
    com.google.gson.internal.Excluder this$0 -> e
    java.lang.Object read(com.google.gson.stream.JsonReader) -> a
    void write(com.google.gson.stream.JsonWriter,java.lang.Object) -> a
    com.google.gson.TypeAdapter delegate() -> a
com.google.gson.internal.JsonReaderInternalAccess -> a.a.a.b.u:
    com.google.gson.internal.JsonReaderInternalAccess INSTANCE -> a
    void promoteNameToValue(com.google.gson.stream.JsonReader) -> a
com.google.gson.internal.LazilyParsedNumber -> a.a.a.b.v:
    java.lang.String value -> a
    int intValue() -> intValue
    long longValue() -> longValue
    float floatValue() -> floatValue
    double doubleValue() -> doubleValue
    java.lang.String toString() -> toString